2024-12-29T12:27:27.112-05:00  INFO 3576 --- [Product Manager API] [main] c.s.productmanager.ProductManagerTests   : Starting ProductManagerTests using Java 21.0.3 with PID 3576 (started by sheikhishtiakahmed in /Users/sheikhishtiakahmed/Desktop/PROJECTS/Product-Manager-API/product-manager-api)
2024-12-29T12:27:27.113-05:00  INFO 3576 --- [Product Manager API] [main] c.s.productmanager.ProductManagerTests   : No active profile set, falling back to 1 default profile: "default"
2024-12-29T12:27:27.599-05:00  INFO 3576 --- [Product Manager API] [main] .s.d.r.c.RepositoryConfigurationDelegate : Bootstrapping Spring Data JPA repositories in DEFAULT mode.
2024-12-29T12:27:27.639-05:00  INFO 3576 --- [Product Manager API] [main] .s.d.r.c.RepositoryConfigurationDelegate : Finished Spring Data repository scanning in 33 ms. Found 1 JPA repository interface.
2024-12-29T12:27:27.993-05:00  INFO 3576 --- [Product Manager API] [main] o.hibernate.jpa.internal.util.LogHelper  : HHH000204: Processing PersistenceUnitInfo [name: default]
2024-12-29T12:27:28.043-05:00  INFO 3576 --- [Product Manager API] [main] org.hibernate.Version                    : HHH000412: Hibernate ORM core version 6.6.4.Final
2024-12-29T12:27:28.075-05:00  INFO 3576 --- [Product Manager API] [main] o.h.c.internal.RegionFactoryInitiator    : HHH000026: Second-level cache disabled
2024-12-29T12:27:28.354-05:00  INFO 3576 --- [Product Manager API] [main] o.s.o.j.p.SpringPersistenceUnitInfo      : No LoadTimeWeaver setup: ignoring JPA class transformer
2024-12-29T12:27:28.374-05:00  INFO 3576 --- [Product Manager API] [main] com.zaxxer.hikari.HikariDataSource       : HikariPool-1 - Starting...
2024-12-29T12:27:28.550-05:00  INFO 3576 --- [Product Manager API] [main] com.zaxxer.hikari.pool.HikariPool        : HikariPool-1 - Added connection com.mysql.cj.jdbc.ConnectionImpl@410382cb
2024-12-29T12:27:28.552-05:00  INFO 3576 --- [Product Manager API] [main] com.zaxxer.hikari.HikariDataSource       : HikariPool-1 - Start completed.
2024-12-29T12:27:28.608-05:00  INFO 3576 --- [Product Manager API] [main] org.hibernate.orm.connections.pooling    : HHH10001005: Database info:
	Database JDBC URL [Connecting through datasource 'HikariDataSource (HikariPool-1)']
	Database driver: undefined/unknown
	Database version: 8.0.39
	Autocommit mode: undefined/unknown
	Isolation level: undefined/unknown
	Minimum pool size: undefined/unknown
	Maximum pool size: undefined/unknown
2024-12-29T12:27:29.268-05:00  INFO 3576 --- [Product Manager API] [main] o.h.e.t.j.p.i.JtaPlatformInitiator       : HHH000489: No JTA platform available (set 'hibernate.transaction.jta.platform' to enable JTA platform integration)
2024-12-29T12:27:29.305-05:00  INFO 3576 --- [Product Manager API] [main] j.LocalContainerEntityManagerFactoryBean : Initialized JPA EntityManagerFactory for persistence unit 'default'
2024-12-29T12:27:29.682-05:00  WARN 3576 --- [Product Manager API] [main] JpaBaseConfiguration$JpaWebConfiguration : spring.jpa.open-in-view is enabled by default. Therefore, database queries may be performed during view rendering. Explicitly configure spring.jpa.open-in-view to disable this warning
2024-12-29T12:27:30.014-05:00  INFO 3576 --- [Product Manager API] [main] c.s.productmanager.ProductManagerTests   : Started ProductManagerTests in 3.208 seconds (process running for 4.069)
2024-12-29T12:27:30.786-05:00  INFO 3576 --- [Product Manager API] [SpringApplicationShutdownHook] j.LocalContainerEntityManagerFactoryBean : Closing JPA EntityManagerFactory for persistence unit 'default'
2024-12-29T12:27:30.788-05:00  INFO 3576 --- [Product Manager API] [SpringApplicationShutdownHook] com.zaxxer.hikari.HikariDataSource       : HikariPool-1 - Shutdown initiated...
2024-12-29T12:27:30.799-05:00  INFO 3576 --- [Product Manager API] [SpringApplicationShutdownHook] com.zaxxer.hikari.HikariDataSource       : HikariPool-1 - Shutdown completed.
2024-12-29T12:27:48.381-05:00  INFO 3614 --- [Product Manager API] [main] c.sheikh.productmanager.ProductManager   : Starting ProductManager using Java 21.0.1 with PID 3614 (/Users/sheikhishtiakahmed/Desktop/PROJECTS/Product-Manager-API/product-manager-api/target/classes started by sheikhishtiakahmed in /Users/sheikhishtiakahmed/Desktop/PROJECTS/Product-Manager-API/product-manager-api)
2024-12-29T12:27:48.384-05:00  INFO 3614 --- [Product Manager API] [main] c.sheikh.productmanager.ProductManager   : No active profile set, falling back to 1 default profile: "default"
2024-12-29T12:27:48.927-05:00  INFO 3614 --- [Product Manager API] [main] .s.d.r.c.RepositoryConfigurationDelegate : Bootstrapping Spring Data JPA repositories in DEFAULT mode.
2024-12-29T12:27:48.978-05:00  INFO 3614 --- [Product Manager API] [main] .s.d.r.c.RepositoryConfigurationDelegate : Finished Spring Data repository scanning in 42 ms. Found 1 JPA repository interface.
2024-12-29T12:27:49.446-05:00  INFO 3614 --- [Product Manager API] [main] o.s.b.w.embedded.tomcat.TomcatWebServer  : Tomcat initialized with port 8080 (http)
2024-12-29T12:27:49.460-05:00  INFO 3614 --- [Product Manager API] [main] o.apache.catalina.core.StandardService   : Starting service [Tomcat]
2024-12-29T12:27:49.461-05:00  INFO 3614 --- [Product Manager API] [main] o.apache.catalina.core.StandardEngine    : Starting Servlet engine: [Apache Tomcat/10.1.34]
2024-12-29T12:27:49.510-05:00  INFO 3614 --- [Product Manager API] [main] o.a.c.c.C.[Tomcat].[localhost].[/]       : Initializing Spring embedded WebApplicationContext
2024-12-29T12:27:49.511-05:00  INFO 3614 --- [Product Manager API] [main] w.s.c.ServletWebServerApplicationContext : Root WebApplicationContext: initialization completed in 1084 ms
2024-12-29T12:27:49.631-05:00  INFO 3614 --- [Product Manager API] [main] o.hibernate.jpa.internal.util.LogHelper  : HHH000204: Processing PersistenceUnitInfo [name: default]
2024-12-29T12:27:49.668-05:00  INFO 3614 --- [Product Manager API] [main] org.hibernate.Version                    : HHH000412: Hibernate ORM core version 6.6.4.Final
2024-12-29T12:27:49.702-05:00  INFO 3614 --- [Product Manager API] [main] o.h.c.internal.RegionFactoryInitiator    : HHH000026: Second-level cache disabled
2024-12-29T12:27:49.947-05:00  INFO 3614 --- [Product Manager API] [main] o.s.o.j.p.SpringPersistenceUnitInfo      : No LoadTimeWeaver setup: ignoring JPA class transformer
2024-12-29T12:27:49.973-05:00  INFO 3614 --- [Product Manager API] [main] com.zaxxer.hikari.HikariDataSource       : HikariPool-1 - Starting...
2024-12-29T12:27:50.111-05:00  INFO 3614 --- [Product Manager API] [main] com.zaxxer.hikari.pool.HikariPool        : HikariPool-1 - Added connection com.mysql.cj.jdbc.ConnectionImpl@60dcf9ec
2024-12-29T12:27:50.113-05:00  INFO 3614 --- [Product Manager API] [main] com.zaxxer.hikari.HikariDataSource       : HikariPool-1 - Start completed.
2024-12-29T12:27:50.180-05:00  INFO 3614 --- [Product Manager API] [main] org.hibernate.orm.connections.pooling    : HHH10001005: Database info:
	Database JDBC URL [Connecting through datasource 'HikariDataSource (HikariPool-1)']
	Database driver: undefined/unknown
	Database version: 8.0.39
	Autocommit mode: undefined/unknown
	Isolation level: undefined/unknown
	Minimum pool size: undefined/unknown
	Maximum pool size: undefined/unknown
2024-12-29T12:27:50.809-05:00  INFO 3614 --- [Product Manager API] [main] o.h.e.t.j.p.i.JtaPlatformInitiator       : HHH000489: No JTA platform available (set 'hibernate.transaction.jta.platform' to enable JTA platform integration)
2024-12-29T12:27:50.845-05:00  INFO 3614 --- [Product Manager API] [main] j.LocalContainerEntityManagerFactoryBean : Initialized JPA EntityManagerFactory for persistence unit 'default'
2024-12-29T12:27:51.126-05:00  WARN 3614 --- [Product Manager API] [main] JpaBaseConfiguration$JpaWebConfiguration : spring.jpa.open-in-view is enabled by default. Therefore, database queries may be performed during view rendering. Explicitly configure spring.jpa.open-in-view to disable this warning
2024-12-29T12:27:51.416-05:00  INFO 3614 --- [Product Manager API] [main] o.s.b.w.embedded.tomcat.TomcatWebServer  : Tomcat started on port 8080 (http) with context path '/'
2024-12-29T12:27:51.425-05:00  INFO 3614 --- [Product Manager API] [main] c.sheikh.productmanager.ProductManager   : Started ProductManager in 3.574 seconds (process running for 3.972)
2024-12-29T12:27:57.927-05:00  INFO 3614 --- [Product Manager API] [http-nio-8080-exec-1] o.a.c.c.C.[Tomcat].[localhost].[/]       : Initializing Spring DispatcherServlet 'dispatcherServlet'
2024-12-29T12:27:57.927-05:00  INFO 3614 --- [Product Manager API] [http-nio-8080-exec-1] o.s.web.servlet.DispatcherServlet        : Initializing Servlet 'dispatcherServlet'
2024-12-29T12:27:57.928-05:00  INFO 3614 --- [Product Manager API] [http-nio-8080-exec-1] o.s.web.servlet.DispatcherServlet        : Completed initialization in 1 ms
2024-12-29T12:36:01.685-05:00  INFO 3614 --- [Product Manager API] [SpringApplicationShutdownHook] o.s.b.w.e.tomcat.GracefulShutdown        : Commencing graceful shutdown. Waiting for active requests to complete
2024-12-29T12:36:01.696-05:00  INFO 3614 --- [Product Manager API] [tomcat-shutdown] o.s.b.w.e.tomcat.GracefulShutdown        : Graceful shutdown complete
2024-12-29T12:36:01.700-05:00  INFO 3614 --- [Product Manager API] [SpringApplicationShutdownHook] j.LocalContainerEntityManagerFactoryBean : Closing JPA EntityManagerFactory for persistence unit 'default'
2024-12-29T12:36:01.702-05:00  INFO 3614 --- [Product Manager API] [SpringApplicationShutdownHook] com.zaxxer.hikari.HikariDataSource       : HikariPool-1 - Shutdown initiated...
2024-12-29T12:36:01.708-05:00  INFO 3614 --- [Product Manager API] [SpringApplicationShutdownHook] com.zaxxer.hikari.HikariDataSource       : HikariPool-1 - Shutdown completed.
2024-12-29T12:36:18.083-05:00  INFO 3678 --- [Product Manager API] [main] c.sheikh.productmanager.ProductManager   : Starting ProductManager using Java 21.0.1 with PID 3678 (/Users/sheikhishtiakahmed/Desktop/PROJECTS/Product-Manager-API/product-manager-api/target/classes started by sheikhishtiakahmed in /Users/sheikhishtiakahmed/Desktop/PROJECTS/Product-Manager-API/product-manager-api)
2024-12-29T12:36:18.085-05:00  INFO 3678 --- [Product Manager API] [main] c.sheikh.productmanager.ProductManager   : No active profile set, falling back to 1 default profile: "default"
2024-12-29T12:36:18.625-05:00  INFO 3678 --- [Product Manager API] [main] .s.d.r.c.RepositoryConfigurationDelegate : Bootstrapping Spring Data JPA repositories in DEFAULT mode.
2024-12-29T12:36:18.663-05:00  INFO 3678 --- [Product Manager API] [main] .s.d.r.c.RepositoryConfigurationDelegate : Finished Spring Data repository scanning in 32 ms. Found 1 JPA repository interface.
2024-12-29T12:36:19.051-05:00  INFO 3678 --- [Product Manager API] [main] o.s.b.w.embedded.tomcat.TomcatWebServer  : Tomcat initialized with port 8080 (http)
2024-12-29T12:36:19.060-05:00  INFO 3678 --- [Product Manager API] [main] o.apache.catalina.core.StandardService   : Starting service [Tomcat]
2024-12-29T12:36:19.060-05:00  INFO 3678 --- [Product Manager API] [main] o.apache.catalina.core.StandardEngine    : Starting Servlet engine: [Apache Tomcat/10.1.34]
2024-12-29T12:36:19.095-05:00  INFO 3678 --- [Product Manager API] [main] o.a.c.c.C.[Tomcat].[localhost].[/]       : Initializing Spring embedded WebApplicationContext
2024-12-29T12:36:19.096-05:00  INFO 3678 --- [Product Manager API] [main] w.s.c.ServletWebServerApplicationContext : Root WebApplicationContext: initialization completed in 972 ms
2024-12-29T12:36:19.193-05:00  INFO 3678 --- [Product Manager API] [main] o.hibernate.jpa.internal.util.LogHelper  : HHH000204: Processing PersistenceUnitInfo [name: default]
2024-12-29T12:36:19.237-05:00  INFO 3678 --- [Product Manager API] [main] org.hibernate.Version                    : HHH000412: Hibernate ORM core version 6.6.4.Final
2024-12-29T12:36:19.263-05:00  INFO 3678 --- [Product Manager API] [main] o.h.c.internal.RegionFactoryInitiator    : HHH000026: Second-level cache disabled
2024-12-29T12:36:19.517-05:00  INFO 3678 --- [Product Manager API] [main] o.s.o.j.p.SpringPersistenceUnitInfo      : No LoadTimeWeaver setup: ignoring JPA class transformer
2024-12-29T12:36:19.546-05:00  INFO 3678 --- [Product Manager API] [main] com.zaxxer.hikari.HikariDataSource       : HikariPool-1 - Starting...
2024-12-29T12:36:19.691-05:00  INFO 3678 --- [Product Manager API] [main] com.zaxxer.hikari.pool.HikariPool        : HikariPool-1 - Added connection com.mysql.cj.jdbc.ConnectionImpl@60dcf9ec
2024-12-29T12:36:19.693-05:00  INFO 3678 --- [Product Manager API] [main] com.zaxxer.hikari.HikariDataSource       : HikariPool-1 - Start completed.
2024-12-29T12:36:19.765-05:00  INFO 3678 --- [Product Manager API] [main] org.hibernate.orm.connections.pooling    : HHH10001005: Database info:
	Database JDBC URL [Connecting through datasource 'HikariDataSource (HikariPool-1)']
	Database driver: undefined/unknown
	Database version: 8.0.39
	Autocommit mode: undefined/unknown
	Isolation level: undefined/unknown
	Minimum pool size: undefined/unknown
	Maximum pool size: undefined/unknown
2024-12-29T12:36:20.461-05:00  INFO 3678 --- [Product Manager API] [main] o.h.e.t.j.p.i.JtaPlatformInitiator       : HHH000489: No JTA platform available (set 'hibernate.transaction.jta.platform' to enable JTA platform integration)
2024-12-29T12:36:20.495-05:00  INFO 3678 --- [Product Manager API] [main] j.LocalContainerEntityManagerFactoryBean : Initialized JPA EntityManagerFactory for persistence unit 'default'
2024-12-29T12:36:20.798-05:00  WARN 3678 --- [Product Manager API] [main] JpaBaseConfiguration$JpaWebConfiguration : spring.jpa.open-in-view is enabled by default. Therefore, database queries may be performed during view rendering. Explicitly configure spring.jpa.open-in-view to disable this warning
2024-12-29T12:36:21.125-05:00  INFO 3678 --- [Product Manager API] [main] o.s.b.w.embedded.tomcat.TomcatWebServer  : Tomcat started on port 8080 (http) with context path '/'
2024-12-29T12:36:21.135-05:00  INFO 3678 --- [Product Manager API] [main] c.sheikh.productmanager.ProductManager   : Started ProductManager in 3.519 seconds (process running for 3.877)
2024-12-29T12:36:29.357-05:00  INFO 3678 --- [Product Manager API] [http-nio-8080-exec-2] o.a.c.c.C.[Tomcat].[localhost].[/]       : Initializing Spring DispatcherServlet 'dispatcherServlet'
2024-12-29T12:36:29.358-05:00  INFO 3678 --- [Product Manager API] [http-nio-8080-exec-2] o.s.web.servlet.DispatcherServlet        : Initializing Servlet 'dispatcherServlet'
2024-12-29T12:36:29.359-05:00  INFO 3678 --- [Product Manager API] [http-nio-8080-exec-2] o.s.web.servlet.DispatcherServlet        : Completed initialization in 1 ms
2024-12-29T12:40:54.634-05:00  INFO 3678 --- [Product Manager API] [SpringApplicationShutdownHook] o.s.b.w.e.tomcat.GracefulShutdown        : Commencing graceful shutdown. Waiting for active requests to complete
2024-12-29T12:40:54.645-05:00  INFO 3678 --- [Product Manager API] [tomcat-shutdown] o.s.b.w.e.tomcat.GracefulShutdown        : Graceful shutdown complete
2024-12-29T12:40:54.648-05:00  INFO 3678 --- [Product Manager API] [SpringApplicationShutdownHook] j.LocalContainerEntityManagerFactoryBean : Closing JPA EntityManagerFactory for persistence unit 'default'
2024-12-29T12:40:54.650-05:00  INFO 3678 --- [Product Manager API] [SpringApplicationShutdownHook] com.zaxxer.hikari.HikariDataSource       : HikariPool-1 - Shutdown initiated...
2024-12-29T12:40:54.655-05:00  INFO 3678 --- [Product Manager API] [SpringApplicationShutdownHook] com.zaxxer.hikari.HikariDataSource       : HikariPool-1 - Shutdown completed.
